<?xml version="1.0" encoding="UTF-8"?>
<!-- Generated by org.testng.reporters.JUnitXMLReporter -->
<testsuite ignored="0" hostname="Rakki" failures="0" tests="7" name="Default test" time="13.721" errors="0" timestamp="2022-04-14T13:46:30 IST">
  <testcase classname="com.flipkart.testscenarios.PlaceOrder" name="validateLoginTest" time="0.008"/>
  <testcase classname="com.flipkart.testscenarios.PlaceOrder" name="validateSearchProductTest" time="0.001"/>
  <testcase classname="com.flipkart.testscenarios.PlaceOrder" name="validateSelectProductTest" time="0.002"/>
  <testcase classname="com.flipkart.testscenarios.PlaceOrder" name="validateAddToCartTest" time="0.0"/>
  <testcase classname="com.flipkart.testscenarios.PlaceOrder" name="validatePlaceOrderTest" time="0.0"/>
  <testcase classname="com.flipkart.testscenarios.PlaceOrder" name="validateMakePaymentTest" time="0.0"/>
  <testcase classname="com.flipkart.testscenarios.PlaceOrder" name="validateLogoutTest" time="0.0"/>
</testsuite> <!-- Default test -->
